Arguments: 
  /usr/local/bin/node /usr/local/bin/yarn add express

PATH: 
  User/shiyanghua/lib/flutter/bin:/usr/local/sbin:/usr/local/bin:/Users/shiyanghua/lib/flutter/bin:/Library/Frameworks/Python.framework/Versions/3.10/bin:/usr/local/bin:/usr/local/sbin:/usr/local/bin:/System/Cryptexes/App/usr/bin:/usr/bin:/bin:/usr/sbin:/sbin:/Library/Apple/usr/bin:/Users/shiyanghua/Library/Android/sdk/tools:/Users/shiyanghua/Library/Android/sdk/platform-tools:/emulator:/tools:/tools/bin:/platform-tools

Yarn version: 
  1.22.10

Node version: 
  16.13.0

Platform: 
  darwin x64

Trace: 
  Error: https://registry.yarnpkg.com/express: ETIMEDOUT
      at Timeout._onTimeout (/usr/local/lib/node_modules/yarn/lib/cli.js:141322:19)
      at listOnTimeout (node:internal/timers:557:17)
      at processTimers (node:internal/timers:500:7)

npm manifest: 
  {
    "name": "atlanbasebuilderservice",
    "version": "1.0.0",
    "description": "",
    "main": "index.js",
    "scripts": {
      "test": "echo \"Error: no test specified\" && exit 1"
    },
    "author": "",
    "license": "ISC"
  }

yarn manifest: 
  No manifest

Lockfile: 
  No lockfile
